 
 ==========================
 = a FLARE implementation =
 === for 2-d neutronics ===
 ==========================
 
 MATERIAL SOURCE: Using built-in data model.
 RUN MODE: Computing cycle length without feedback and without boron.
 
 *** + ASSEMBLY_PEAKING *** 
 
    0.0657    0.0899    0.1530    0.2754    0.4726    0.8112    0.8806    0.5230 
              0.1334    0.1938    0.2605    0.3472    0.4360    0.4009    0.2336 
              0.2596    0.3417    0.3692    0.4164    0.4253    0.3350    0.1610 
              0.5401    0.6863    0.6290    0.6040    0.5930    0.3837    0.1139 
              0.9726    1.2966    1.3417    1.2601    1.3472    0.7496 
              2.2154    3.0332    3.0835    2.5333    1.8324    0.8022 
              2.3945    3.2199    3.0714    2.0322    1.2007 
              1.4131    1.8391    1.5256 
           
 
 
    -------------------------------------------------------------------
     STEP   BURNUP     FPD     MAX APPF  MAX APPF    KEFF   APPX.CYC.L 
           [GWd/MTU]  [day]     [cycle]   [step]            [GWd/MTU] 
    -------------------------------------------------------------------
       0    0.0000    0.0000    3.2199    3.2199    1.1422    0.0000
       1    0.0418    1.0000    3.0478    3.0478    1.1285    0.0000
       2    0.2507    6.0000    3.0478    2.9681    1.1033    0.0000
       3    1.2203   29.2074    3.0478    2.8884    1.0966    1.2203
       4    2.2649   54.2074    3.0478    2.7376    1.0903   16.4675
       5    3.3094   79.2074    3.0478    2.5937    1.0844   18.6895
       6    4.3539  104.2074    3.0478    2.4614    1.0791   19.8134
       7    5.3985  129.2074    3.0478    2.3727    1.0742   21.0628
       8    6.4430  154.2074    3.0478    2.2896    1.0698   22.4892
       9    7.4876  179.2074    3.0478    2.2129    1.0658   24.1460
      10    8.5321  204.2074    3.0478    2.1429    1.0623   26.1080
      11    9.5766  229.2074    3.0478    2.0800    1.0593   28.4865
      12   10.6212  254.2074    3.0478    2.0241    1.0568   31.4540
      13   11.6657  279.2074    3.0478    1.9747    1.0547   35.2832
      14   12.7102  304.2074    3.0478    1.9311    1.0530   40.4046
      15   13.7548  329.2074    3.0478    1.8922    1.0517   47.4628
      16   14.7993  354.2074    3.0478    1.8579    1.0507   57.2253
      17   15.8439  379.2074    3.0478    1.8670    1.0498   68.3722
      18   16.8884  404.2074    3.0478    1.9246    1.0490   80.9426
      19   17.9329  429.2074    3.0478    1.9676    1.0480   82.6858
      20   18.9775  454.2074    3.0478    1.9910    1.0467   71.9279
      21   20.0220  479.2074    3.0478    1.9923    1.0449   57.9987
      22   21.0665  504.2074    3.0478    1.9732    1.0426   47.6173
      23   22.1111  529.2074    3.0478    1.9399    1.0399   41.2775
      24   23.1556  554.2074    3.0478    1.9041    1.0368   37.7376
      25   24.2002  579.2074    3.0478    1.9062    1.0335   36.1066
      26   25.2447  604.2074    3.0478    1.9096    1.0298   35.1721
      27   26.2892  629.2074    3.0478    1.8953    1.0259   34.1038
      28   27.3338  654.2074    3.0478    1.8689    1.0217   33.3548
      29   28.3783  679.2074    3.0478    1.8411    1.0176   32.9602
      30   29.4228  704.2074    3.0478    1.8133    1.0135   32.9233
      31   30.4674  729.2074    3.0478    1.7851    1.0095   32.9301
      32   31.5119  754.2074    3.0478    1.7589    1.0055   32.9440
      33   32.5565  779.2074    3.0478    1.7334    1.0016   32.9826
      34   32.9897  789.5766    3.0478    1.7231    1.0000   32.9897
      35   32.9914  789.6164    3.0478    1.7231    1.0000   32.9914
    -------------------------------------------------------------------
 
 ------------------------------ 
            keff =   1.000000
 maximum peaking =   1.723082
    cycle length =  32.991359
 ------------------------------ 
 
 
 *** ASSEMBLY_PEAKING *** 
 
    0.4429    0.5089    0.6136    0.7425    0.8290    0.7857    0.6880    0.4164 
              0.6368    0.7660    0.8709    0.9297    0.9034    0.7580    0.4454 
              0.8225    0.9814    1.1345    1.2667    1.2512    1.0592    0.5615 
              1.0945    1.2976    1.6034    1.7231    1.6687    1.3074    0.5029 
              1.3120    1.4854    1.5993    1.6342    1.5197    1.0522 
              1.2040    1.3059    1.3280    1.3014    1.1661    0.7105 
              1.0076    1.0656    1.0147    0.8267    0.6272 
              0.6270    0.6551    0.5281 
           
 
 
 *** ASSEMBLY_BURNUP *** 
 
   38.9132   37.7815   38.8895   37.6907   38.3400   39.1381   33.9782   29.7288 
             29.7020   28.0737   29.0847   29.9409   29.5295   27.4191   23.1585 
             28.0298   28.8030   30.3348   27.2753   26.2237   21.6786   16.3976 
             24.3053   27.5094   19.0134   19.1110   17.0054   11.2429    3.8974 
             17.4473   21.5862   23.0961   22.6464   20.9972   12.6450 
             21.1916   25.7525   26.4581   24.1786   19.6550   10.1946 
             19.1788   22.8745   22.0263   16.4909   11.2275 
             11.3503   13.2208   10.8917 
           
 
